

Veriwell version 2.8.7, 
Copyright (C) 1993-2008 Elliot Mednick and Mark Hummel

Veriwell comes with ABSOLUTELY NO WARRANTY; This is free
software, and you are welcome to redistribute it under the
terms of the GNU General Public License as published by
the Free Software Foundation; either version 2 of the License,
or (at your option) any later version. 

lxt  support compiled in
lxt2 support compiled in

Entering Phase I...
Compiling source file : ../barrel_shifter/simple/barrel_shifter_simple.v
../barrel_shifter/simple/barrel_shifter_simple.v: L23: warning: INITIAL not supported by Synopsys HDL Compiler(tm)

Entering Phase II...
Entering Phase III...
1 warning in compilation
No errors in compilation
Top-level modules:
   alu_barrel_shifter

0 Errors, 1 Warning, Compile time = 0.0, Load time = 0.0, Simulation time = 0.0

Normal exit
Thank you for using Veriwell
